\BOOKMARK [0][-]{chapter.1}{\376\377\000I\000n\000t\000r\000o\000d\000u\000c\000t\000i\000o\000n\000\040\000t\000o\000\040\000D\000i\000f\000f\000e\000r\000e\000n\000t\000i\000a\000l\000\040\000E\000q\000u\000a\000t\000i\000o\000n\000s}{}% 1
\BOOKMARK [1][-]{section.1.1}{\376\377\000D\000e\000f\000i\000n\000i\000t\000i\000o\000n\000s\000\040\000a\000n\000d\000\040\000T\000e\000r\000m\000i\000n\000o\000l\000o\000g\000y}{chapter.1}% 2
\BOOKMARK [2][-]{section*.2}{\376\377\000A\000\040\000D\000e\000f\000i\000n\000i\000t\000i\000o\000n}{section.1.1}% 3
\BOOKMARK [2][-]{section*.4}{\376\377\000C\000l\000a\000s\000s\000i\000f\000i\000c\000a\000t\000i\000o\000n\000\040\000b\000y\000\040\000T\000y\000p\000e}{section.1.1}% 4
\BOOKMARK [2][-]{section*.5}{\376\377\000N\000o\000t\000a\000t\000i\000o\000n}{section.1.1}% 5
\BOOKMARK [2][-]{section*.6}{\376\377\000C\000l\000a\000s\000s\000i\000f\000i\000c\000a\000t\000i\000o\000n\000\040\000b\000y\000\040\000O\000r\000d\000e\000r}{section.1.1}% 6
\BOOKMARK [2][-]{section*.7}{\376\377\000C\000l\000a\000s\000s\000i\000f\000i\000c\000a\000t\000i\000o\000n\000\040\000b\000y\000\040\000L\000i\000n\000e\000a\000r\000i\000t\000y}{section.1.1}% 7
\BOOKMARK [2][-]{section*.8}{\376\377\000S\000o\000l\000u\000t\000i\000o\000n\000s}{section.1.1}% 8
\BOOKMARK [2][-]{section*.10}{\376\377\000I\000n\000t\000e\000r\000v\000a\000l\000\040\000o\000f\000\040\000D\000e\000f\000i\000n\000i\000t\000i\000o\000n}{section.1.1}% 9
\BOOKMARK [2][-]{section*.11}{\376\377\000S\000o\000l\000u\000t\000i\000o\000n\000\040\000C\000u\000r\000v\000e}{section.1.1}% 10
\BOOKMARK [2][-]{section*.12}{\376\377\000E\000x\000p\000l\000i\000c\000i\000t\000\040\000a\000n\000d\000\040\000I\000m\000p\000l\000i\000c\000i\000t\000\040\000S\000o\000l\000u\000t\000i\000o\000n\000s}{section.1.1}% 11
\BOOKMARK [2][-]{section*.13}{\376\377\000F\000a\000m\000i\000l\000i\000e\000s\000\040\000o\000f\000\040\000S\000o\000l\000u\000t\000i\000o\000n\000s}{section.1.1}% 12
\BOOKMARK [2][-]{section*.14}{\376\377\000S\000y\000s\000t\000e\000m\000s\000\040\000o\000f\000\040\000D\000i\000f\000f\000e\000r\000e\000n\000t\000i\000a\000l\000\040\000E\000q\000u\000a\000t\000i\000o\000n\000s}{section.1.1}% 13
\BOOKMARK [1][-]{section.1.2}{\376\377\000I\000n\000i\000t\000i\000a\000l\000-\000V\000a\000l\000u\000e\000\040\000P\000r\000o\000b\000l\000e\000m\000s}{chapter.1}% 14
\BOOKMARK [2][-]{section*.15}{\376\377\000G\000e\000o\000m\000e\000t\000r\000i\000c\000\040\000I\000n\000t\000e\000r\000p\000r\000e\000t\000a\000t\000i\000o\000n}{section.1.2}% 15
\BOOKMARK [2][-]{section*.16}{\376\377\000E\000x\000i\000s\000t\000e\000n\000c\000e\000\040\000a\000n\000d\000\040\000U\000n\000i\000q\000u\000e\000n\000e\000s\000s}{section.1.2}% 16
\BOOKMARK [2][-]{section*.18}{\376\377\000I\000n\000t\000e\000r\000v\000a\000l\000\040\000o\000f\000\040\000E\000x\000i\000s\000t\000e\000n\000c\000e\000/\000U\000n\000i\000q\000u\000e\000n\000e\000s\000s}{section.1.2}% 17
\BOOKMARK [1][-]{section.1.3}{\376\377\000D\000i\000f\000f\000e\000r\000e\000n\000t\000i\000a\000l\000\040\000E\000q\000u\000a\000t\000i\000o\000n\000s\000\040\000a\000s\000\040\000M\000a\000t\000h\000e\000m\000a\000t\000i\000c\000a\000l\000\040\000M\000o\000d\000e\000l\000s}{chapter.1}% 18
\BOOKMARK [2][-]{section*.19}{\376\377\000M\000a\000t\000h\000e\000m\000a\000t\000i\000c\000a\000l\000\040\000M\000o\000d\000e\000l\000s}{section.1.3}% 19
\BOOKMARK [2][-]{section*.21}{\376\377\000P\000o\000p\000u\000l\000a\000t\000i\000o\000n\000\040\000D\000y\000n\000a\000m\000i\000c\000s}{section.1.3}% 20
\BOOKMARK [2][-]{section*.22}{\376\377\000R\000a\000d\000i\000o\000a\000c\000t\000i\000v\000e\000\040\000D\000e\000c\000a\000y}{section.1.3}% 21
\BOOKMARK [2][-]{section*.23}{\376\377\000N\000e\000w\000t\000o\000n\000'\000s\000\040\000L\000a\000w\000\040\000o\000f\000\040\000W\000a\000r\000m\000i\000n\000g\000/\000C\000o\000o\000l\000i\000n\000g}{section.1.3}% 22
\BOOKMARK [2][-]{section*.24}{\376\377\000S\000p\000r\000e\000a\000d\000\040\000o\000f\000\040\000a\000\040\000D\000i\000s\000e\000a\000s\000e}{section.1.3}% 23
\BOOKMARK [2][-]{section*.25}{\376\377\000C\000h\000e\000m\000i\000c\000a\000l\000\040\000R\000e\000a\000c\000t\000i\000o\000n\000s}{section.1.3}% 24
\BOOKMARK [2][-]{section*.26}{\376\377\000M\000i\000x\000t\000u\000r\000e\000s}{section.1.3}% 25
\BOOKMARK [2][-]{section*.27}{\376\377\000D\000r\000a\000i\000n\000i\000n\000g\000\040\000a\000\040\000T\000a\000n\000k}{section.1.3}% 26
\BOOKMARK [2][-]{section*.28}{\376\377\000S\000e\000r\000i\000e\000s\000\040\000C\000i\000r\000c\000u\000i\000t\000s}{section.1.3}% 27
\BOOKMARK [2][-]{section*.29}{\376\377\000F\000a\000l\000l\000i\000n\000g\000\040\000B\000o\000d\000i\000e\000s}{section.1.3}% 28
\BOOKMARK [2][-]{section*.30}{\376\377\000F\000a\000l\000l\000i\000n\000g\000\040\000B\000o\000d\000i\000e\000s\000\040\000a\000n\000d\000\040\000A\000i\000r\000\040\000R\000e\000s\000i\000s\000t\000a\000n\000c\000e}{section.1.3}% 29
\BOOKMARK [2][-]{section*.31}{\376\377\000S\000u\000s\000p\000e\000n\000d\000e\000d\000\040\000C\000a\000b\000l\000e\000s}{section.1.3}% 30
\BOOKMARK [0][-]{chapter.2}{\376\377\000F\000i\000r\000s\000t\000-\000O\000r\000d\000e\000r\000\040\000D\000i\000f\000f\000e\000r\000e\000n\000t\000i\000a\000l\000\040\000E\000q\000u\000a\000t\000i\000o\000n\000s}{}% 31
\BOOKMARK [1][-]{section.2.1}{\376\377\000S\000o\000l\000u\000t\000i\000o\000n\000\040\000C\000u\000r\000v\000e\000s\000\040\000w\000i\000t\000h\000o\000u\000t\000\040\000a\000\040\000S\000o\000l\000u\000t\000i\000o\000n}{chapter.2}% 32
\BOOKMARK [2][-]{subsection.2.1.1}{\376\377\000D\000i\000r\000e\000c\000t\000i\000o\000n\000\040\000F\000i\000e\000l\000d\000s}{section.2.1}% 33
\BOOKMARK [2][-]{subsection.2.1.2}{\376\377\000A\000u\000t\000o\000n\000o\000m\000o\000u\000s\000\040\000F\000i\000r\000s\000t\000-\000O\000r\000d\000e\000r\000\040\000D\000E\000s}{section.2.1}% 34
\BOOKMARK [1][-]{section.2.2}{\376\377\000S\000e\000p\000a\000r\000a\000b\000l\000e\000\040\000E\000q\000u\000a\000t\000i\000o\000n\000s}{chapter.2}% 35
\BOOKMARK [2][-]{section*.41}{\376\377\000S\000o\000l\000u\000t\000i\000o\000n\000\040\000b\000y\000\040\000I\000n\000t\000e\000g\000r\000a\000t\000i\000o\000n}{section.2.2}% 36
\BOOKMARK [2][-]{section*.42}{\376\377\000A\000\040\000D\000e\000f\000i\000n\000i\000t\000i\000o\000n}{section.2.2}% 37
\BOOKMARK [2][-]{section*.44}{\376\377\000M\000e\000t\000h\000o\000d\000\040\000o\000f\000\040\000S\000o\000l\000u\000t\000i\000o\000n}{section.2.2}% 38
\BOOKMARK [2][-]{section*.45}{\376\377\000L\000o\000s\000i\000n\000g\000\040\000a\000\040\000S\000o\000l\000u\000t\000i\000o\000n}{section.2.2}% 39
\BOOKMARK [2][-]{section*.46}{\376\377\000U\000s\000e\000\040\000o\000f\000\040\000C\000o\000m\000p\000u\000t\000e\000r\000s}{section.2.2}% 40
\BOOKMARK [2][-]{section*.47}{\376\377\000A\000n\000\040\000I\000n\000t\000e\000g\000r\000a\000l\000-\000D\000e\000f\000i\000n\000e\000d\000\040\000F\000u\000n\000c\000t\000i\000o\000n}{section.2.2}% 41
\BOOKMARK [1][-]{section.2.3}{\376\377\000L\000i\000n\000e\000a\000r\000\040\000E\000q\000u\000a\000t\000i\000o\000n\000s}{chapter.2}% 42
\BOOKMARK [2][-]{section*.48}{\376\377\000A\000\040\000D\000e\000f\000i\000n\000i\000t\000i\000o\000n}{section.2.3}% 43
\BOOKMARK [2][-]{section*.50}{\376\377\000S\000t\000a\000n\000d\000a\000r\000d\000\040\000F\000o\000r\000m}{section.2.3}% 44
\BOOKMARK [2][-]{section*.51}{\376\377\000M\000e\000t\000h\000o\000d\000\040\000o\000f\000\040\000S\000o\000l\000u\000t\000i\000o\000n}{section.2.3}% 45
\BOOKMARK [2][-]{section*.53}{\376\377\000G\000e\000n\000e\000r\000a\000l\000\040\000S\000o\000l\000u\000t\000i\000o\000n\000s}{section.2.3}% 46
\BOOKMARK [2][-]{section*.54}{\376\377\000P\000i\000e\000c\000e\000w\000i\000s\000e\000-\000L\000i\000n\000e\000a\000r\000\040\000D\000i\000f\000f\000e\000r\000e\000n\000t\000i\000a\000l\000\040\000E\000q\000u\000a\000t\000i\000o\000n}{section.2.3}% 47
\BOOKMARK [2][-]{section*.55}{\376\377\000E\000r\000r\000o\000r\000\040\000F\000u\000n\000c\000t\000i\000o\000n}{section.2.3}% 48
\BOOKMARK [1][-]{section.2.4}{\376\377\000E\000x\000a\000c\000t\000\040\000E\000q\000u\000a\000t\000i\000o\000n\000s}{chapter.2}% 49
\BOOKMARK [2][-]{section*.56}{\376\377\000D\000i\000f\000f\000e\000r\000e\000n\000t\000i\000a\000l\000\040\000o\000f\000\040\000a\000\040\000F\000u\000n\000c\000t\000i\000o\000n\000\040\000o\000f\000\040\000T\000w\000o\000\040\000V\000a\000r\000i\000a\000b\000l\000e\000s}{section.2.4}% 50
\BOOKMARK [2][-]{section*.57}{\376\377\000A\000\040\000D\000e\000f\000i\000n\000i\000t\000i\000o\000n}{section.2.4}% 51
\BOOKMARK [2][-]{section*.60}{\376\377\000M\000e\000t\000h\000o\000d\000\040\000o\000f\000\040\000S\000o\000l\000u\000t\000i\000o\000n}{section.2.4}% 52
\BOOKMARK [1][-]{section.2.5}{\376\377\000S\000o\000l\000u\000t\000i\000o\000n\000s\000\040\000b\000y\000\040\000S\000u\000b\000s\000t\000i\000t\000u\000t\000i\000o\000n\000s}{chapter.2}% 53
\BOOKMARK [2][-]{section*.61}{\376\377\000S\000u\000b\000s\000t\000i\000t\000u\000t\000i\000o\000n\000s}{section.2.5}% 54
\BOOKMARK [2][-]{section*.62}{\376\377\000H\000o\000m\000o\000g\000e\000n\000o\000u\000s\000\040\000E\000q\000u\000a\000t\000i\000o\000n\000s}{section.2.5}% 55
\BOOKMARK [2][-]{section*.63}{\376\377\000B\000e\000r\000n\000o\000u\000l\000l\000i\000'\000s\000\040\000E\000q\000u\000a\000t\000i\000o\000n}{section.2.5}% 56
\BOOKMARK [2][-]{section*.64}{\376\377\000R\000e\000d\000u\000c\000t\000i\000o\000n\000\040\000t\000o\000\040\000S\000e\000p\000a\000r\000a\000t\000i\000o\000n\000\040\000o\000f\000\040\000V\000a\000r\000i\000a\000b\000l\000e\000s}{section.2.5}% 57
\BOOKMARK [0][-]{chapter.3}{\376\377\000M\000o\000d\000e\000l\000i\000n\000g\000\040\000w\000i\000t\000h\000\040\000F\000i\000r\000s\000t\000-\000O\000r\000d\000e\000r\000\040\000D\000i\000f\000f\000e\000r\000e\000n\000t\000i\000a\000l\000\040\000E\000q\000u\000a\000t\000i\000o\000n\000s}{}% 58
\BOOKMARK [1][-]{section.3.1}{\376\377\000L\000i\000n\000e\000a\000r\000\040\000M\000o\000d\000e\000l\000s}{chapter.3}% 59
\BOOKMARK [2][-]{section*.65}{\376\377\000G\000r\000o\000w\000t\000h\000\040\000a\000n\000d\000\040\000D\000e\000c\000a\000y}{section.3.1}% 60
\BOOKMARK [2][-]{section*.66}{\376\377\000H\000a\000l\000f\000-\000L\000i\000f\000e}{section.3.1}% 61
\BOOKMARK [2][-]{section*.67}{\376\377\000N\000e\000w\000t\000o\000n\000'\000s\000\040\000L\000a\000w\000\040\000o\000f\000\040\000C\000o\000o\000l\000i\000n\000g\000/\000W\000a\000r\000m\000i\000n\000g}{section.3.1}% 62
\BOOKMARK [2][-]{section*.68}{\376\377\000S\000e\000r\000i\000e\000s\000\040\000C\000i\000r\000c\000u\000i\000t\000s}{section.3.1}% 63
\BOOKMARK [1][-]{section.3.2}{\376\377\000N\000o\000n\000l\000i\000n\000e\000a\000r\000\040\000M\000o\000d\000e\000l\000s}{chapter.3}% 64
\BOOKMARK [2][-]{section*.69}{\376\377\000P\000o\000p\000u\000l\000a\000t\000i\000o\000n\000\040\000D\000y\000n\000a\000m\000i\000c\000s}{section.3.2}% 65
\BOOKMARK [2][-]{section*.70}{\376\377\000L\000o\000g\000i\000s\000t\000i\000c\000\040\000E\000q\000u\000a\000t\000i\000o\000n}{section.3.2}% 66
\BOOKMARK [2][-]{section*.71}{\376\377\000S\000o\000l\000u\000t\000i\000o\000n\000\040\000o\000f\000\040\000t\000h\000e\000\040\000L\000o\000g\000i\000s\000t\000i\000c\000\040\000E\000q\000u\000a\000t\000i\000o\000n}{section.3.2}% 67
\BOOKMARK [2][-]{section*.72}{\376\377\000C\000h\000e\000m\000i\000c\000a\000l\000\040\000R\000e\000a\000c\000t\000i\000o\000n\000s}{section.3.2}% 68
\BOOKMARK [1][-]{section.3.3}{\376\377\000M\000o\000d\000e\000l\000i\000n\000g\000\040\000w\000i\000t\000h\000\040\000S\000y\000s\000t\000e\000m\000s\000\040\000o\000f\000\040\000F\000i\000r\000s\000t\000-\000O\000r\000d\000e\000r\000\040\000D\000i\000f\000f\000e\000r\000e\000n\000t\000i\000a\000l\000\040\000E\000q\000u\000a\000t\000i\000o\000n\000s}{chapter.3}% 69
\BOOKMARK [2][-]{section*.73}{\376\377\000L\000i\000n\000e\000a\000r\000/\000N\000o\000n\000l\000i\000n\000e\000a\000r\000\040\000S\000y\000s\000t\000e\000m\000s}{section.3.3}% 70
\BOOKMARK [2][-]{section*.74}{\376\377\000R\000a\000d\000i\000o\000a\000c\000t\000i\000v\000e\000\040\000S\000e\000r\000i\000e\000s}{section.3.3}% 71
