\BOOKMARK [0][-]{chapter.4}{\376\377\000N\000u\000m\000b\000e\000r\000\040\000T\000h\000e\000o\000r\000y\000\040\000a\000n\000d\000\040\000C\000r\000y\000p\000t\000o\000g\000r\000a\000p\000h\000y}{}% 1
\BOOKMARK [1][-]{section.4.2}{\376\377\000I\000n\000t\000e\000g\000e\000r\000\040\000R\000e\000p\000r\000e\000s\000e\000n\000t\000a\000t\000i\000o\000n\000s\000\040\000a\000n\000d\000\040\000A\000l\000g\000o\000r\000i\000t\000h\000m\000s}{chapter.4}% 2
\BOOKMARK [2][-]{subsection.4.2.2}{\376\377\000R\000e\000p\000r\000e\000s\000e\000n\000t\000a\000t\000i\000o\000n\000s\000\040\000o\000f\000\040\000I\000n\000t\000e\000g\000e\000r\000s}{section.4.2}% 3
\BOOKMARK [1][-]{section.4.3}{\376\377\000P\000r\000i\000m\000e\000s\000\040\000a\000n\000d\000\040\000G\000r\000e\000a\000t\000e\000s\000t\000\040\000C\000o\000m\000m\000o\000n\000\040\000D\000i\000v\000i\000s\000o\000r\000s}{chapter.4}% 4
\BOOKMARK [2][-]{subsection.4.3.2}{\376\377\000P\000r\000i\000m\000e\000s}{section.4.3}% 5
\BOOKMARK [1][-]{section.4.1}{\376\377\000D\000i\000v\000i\000s\000i\000b\000i\000l\000i\000t\000y\000\040\000a\000n\000d\000\040\000M\000o\000d\000u\000l\000a\000r\000\040\000A\000r\000i\000t\000h\000m\000e\000t\000i\000c}{chapter.4}% 6
\BOOKMARK [2][-]{subsection.4.1.2}{\376\377\000D\000i\000v\000i\000s\000i\000o\000n}{section.4.1}% 7
\BOOKMARK [2][-]{subsection.4.1.3}{\376\377\000T\000h\000e\000\040\000D\000i\000v\000i\000s\000i\000o\000n\000\040\000A\000l\000g\000o\000r\000i\000t\000h\000m}{section.4.1}% 8
\BOOKMARK [2][-]{subsection.4.1.4}{\376\377\000M\000o\000d\000u\000l\000a\000r\000\040\000A\000r\000i\000t\000h\000m\000e\000t\000i\000c}{section.4.1}% 9
\BOOKMARK [0][-]{chapter.6}{\376\377\000C\000o\000u\000n\000t\000i\000n\000g}{}% 10
\BOOKMARK [1][-]{section.6.1}{\376\377\000T\000h\000e\000\040\000B\000a\000s\000i\000c\000s\000\040\000o\000f\000\040\000C\000o\000u\000n\000t\000i\000n\000g}{chapter.6}% 11
\BOOKMARK [2][-]{subsection.6.1.2}{\376\377\000B\000a\000s\000i\000c\000\040\000C\000o\000u\000n\000t\000i\000n\000g\000\040\000P\000r\000i\000n\000c\000i\000p\000l\000e}{section.6.1}% 12
\BOOKMARK [2][-]{subsection.6.1.3}{\376\377\000T\000h\000e\000\040\000S\000u\000b\000t\000r\000a\000c\000t\000i\000o\000n\000\040\000R\000u\000l\000e\000\040\000\050\000I\000n\000c\000l\000u\000s\000i\000o\000n\000-\000E\000x\000c\000l\000u\000s\000i\000o\000n\000\040\000f\000o\000r\000\040\000T\000w\000o\000\040\000S\000e\000t\000s\000\051}{section.6.1}% 13
\BOOKMARK [2][-]{subsection.6.1.4}{\376\377\000T\000h\000e\000\040\000D\000i\000v\000i\000s\000i\000o\000n\000\040\000R\000u\000l\000e}{section.6.1}% 14
\BOOKMARK [2][-]{subsection.6.1.5}{\376\377\000T\000r\000e\000e\000\040\000D\000i\000a\000g\000r\000a\000m\000s}{section.6.1}% 15
\BOOKMARK [1][-]{section.6.3}{\376\377\000P\000e\000r\000m\000u\000t\000a\000t\000i\000o\000n\000s\000\040\000a\000n\000d\000\040\000C\000o\000m\000b\000i\000n\000a\000t\000i\000o\000n\000s}{chapter.6}% 16
\BOOKMARK [2][-]{subsection.6.3.2}{\376\377\000P\000e\000r\000m\000u\000t\000a\000t\000i\000o\000n\000s}{section.6.3}% 17
\BOOKMARK [2][-]{subsection.6.3.3}{\376\377\000C\000o\000m\000b\000i\000n\000a\000t\000i\000o\000n\000s}{section.6.3}% 18
\BOOKMARK [1][-]{section.6.4}{\376\377\000B\000i\000n\000o\000m\000i\000a\000l\000\040\000C\000o\000e\000f\000f\000i\000c\000i\000e\000n\000t\000s\000\040\000a\000n\000d\000\040\000I\000d\000e\000n\000t\000i\000t\000i\000e\000s}{chapter.6}% 19
\BOOKMARK [2][-]{subsection.6.4.2}{\376\377\000T\000h\000e\000\040\000B\000i\000n\000o\000m\000i\000a\000l\000\040\000T\000h\000e\000o\000r\000e\000m}{section.6.4}% 20
\BOOKMARK [2][-]{subsection.6.4.3}{\376\377\000P\000a\000s\000c\000a\000l\000'\000s\000\040\000I\000d\000e\000n\000t\000i\000t\000y\000\040\000a\000n\000d\000\040\000T\000r\000i\000a\000n\000g\000l\000e}{section.6.4}% 21
\BOOKMARK [2][-]{subsection.6.4.4}{\376\377\000O\000t\000h\000e\000r\000\040\000I\000d\000e\000n\000t\000i\000t\000i\000e\000s\000\040\000I\000n\000v\000o\000l\000v\000i\000n\000g\000\040\000B\000i\000n\000o\000m\000i\000a\000l\000\040\000C\000o\000e\000f\000f\000i\000c\000i\000e\000n\000t\000s}{section.6.4}% 22
\BOOKMARK [1][-]{section.6.5}{\376\377\000G\000e\000n\000e\000r\000a\000l\000i\000z\000e\000d\000\040\000P\000e\000r\000m\000u\000t\000a\000t\000i\000o\000n\000s\000\040\000a\000n\000d\000\040\000C\000o\000m\000b\000i\000n\000a\000t\000i\000o\000n\000s}{chapter.6}% 23
\BOOKMARK [2][-]{subsection.6.5.2}{\376\377\000P\000e\000r\000m\000u\000t\000a\000t\000i\000o\000n\000s\000\040\000w\000i\000t\000h\000\040\000R\000e\000p\000e\000t\000i\000t\000i\000o\000n}{section.6.5}% 24
\BOOKMARK [2][-]{subsection.6.5.3}{\376\377\000C\000o\000m\000b\000i\000n\000a\000t\000i\000o\000n\000s\000\040\000w\000i\000t\000h\000\040\000R\000e\000p\000e\000t\000i\000t\000i\000o\000n}{section.6.5}% 25
\BOOKMARK [2][-]{subsection.6.5.4}{\376\377\000P\000e\000r\000m\000u\000t\000a\000t\000i\000o\000n\000s\000\040\000w\000i\000t\000h\000\040\000I\000n\000d\000i\000s\000t\000i\000n\000g\000u\000i\000s\000h\000a\000b\000l\000e\000\040\000O\000b\000j\000e\000c\000t\000s}{section.6.5}% 26
\BOOKMARK [2][-]{subsection.6.5.5}{\376\377\000D\000i\000s\000t\000r\000i\000b\000u\000t\000i\000n\000g\000\040\000O\000b\000j\000e\000c\000t\000s\000\040\000i\000n\000t\000o\000\040\000B\000o\000x\000e\000s}{section.6.5}% 27
\BOOKMARK [0][-]{chapter.5}{\376\377\000I\000n\000d\000u\000c\000t\000i\000o\000n\000\040\000a\000n\000d\000\040\000R\000e\000c\000u\000r\000s\000i\000o\000n}{}% 28
\BOOKMARK [1][-]{section.5.1}{\376\377\000M\000a\000t\000h\000e\000m\000a\000t\000i\000c\000a\000l\000\040\000I\000n\000d\000u\000c\000t\000i\000o\000n}{chapter.5}% 29
\BOOKMARK [2][-]{subsection.5.1.2}{\376\377\000M\000a\000t\000h\000e\000m\000a\000t\000i\000c\000a\000l\000\040\000I\000n\000d\000u\000c\000t\000i\000o\000n}{section.5.1}% 30
\BOOKMARK [2][-]{subsection.5.1.5}{\376\377\000G\000u\000i\000d\000e\000l\000i\000n\000e\000s\000\040\000f\000o\000r\000\040\000P\000r\000o\000o\000f\000s\000\040\000b\000y\000\040\000M\000a\000t\000h\000e\000m\000a\000t\000i\000c\000a\000l\000\040\000I\000n\000d\000u\000c\000t\000i\000o\000n}{section.5.1}% 31
\BOOKMARK [1][-]{section.5.3}{\376\377\000R\000e\000c\000u\000r\000s\000i\000v\000e\000\040\000D\000e\000f\000i\000n\000i\000t\000i\000o\000n\000s\000\040\000a\000n\000d\000\040\000S\000t\000r\000u\000c\000t\000u\000r\000a\000l\000\040\000I\000n\000d\000u\000c\000t\000i\000o\000n}{chapter.5}% 32
\BOOKMARK [2][-]{subsection.5.3.2}{\376\377\000R\000e\000c\000u\000r\000s\000i\000v\000e\000l\000y\000\040\000D\000e\000f\000i\000n\000e\000d\000\040\000F\000u\000n\000c\000t\000i\000o\000n\000s}{section.5.3}% 33
\BOOKMARK [2][-]{subsection.5.3.3}{\376\377\000R\000e\000c\000u\000r\000s\000i\000v\000e\000l\000y\000\040\000D\000e\000f\000i\000n\000e\000d\000\040\000S\000e\000t\000s\000\040\000a\000n\000d\000\040\000S\000t\000r\000u\000c\000t\000u\000r\000e\000s}{section.5.3}% 34
\BOOKMARK [0][-]{chapter.10}{\376\377\000G\000r\000a\000p\000h\000s}{}% 35
\BOOKMARK [1][-]{section.10.1}{\376\377\000G\000r\000a\000p\000h\000s\000\040\000a\000n\000d\000\040\000G\000r\000a\000p\000h\000\040\000M\000o\000d\000e\000l\000s}{chapter.10}% 36
\BOOKMARK [1][-]{section.10.2}{\376\377\000G\000r\000a\000p\000h\000\040\000T\000e\000r\000m\000i\000n\000o\000l\000o\000g\000y\000\040\000a\000n\000d\000\040\000S\000p\000e\000c\000i\000a\000l\000\040\000T\000y\000p\000e\000s\000\040\000o\000f\000\040\000G\000r\000a\000p\000h\000s}{chapter.10}% 37
\BOOKMARK [1][-]{section.10.3}{\376\377\000R\000e\000p\000r\000e\000s\000e\000n\000t\000i\000n\000g\000\040\000G\000r\000a\000p\000h\000s\000\040\000a\000n\000d\000\040\000G\000r\000a\000p\000h\000\040\000I\000s\000o\000m\000o\000r\000p\000h\000i\000s\000m}{chapter.10}% 38
\BOOKMARK [1][-]{section.10.4}{\376\377\000C\000o\000n\000n\000e\000c\000t\000i\000v\000i\000t\000y}{chapter.10}% 39
\BOOKMARK [1][-]{section.10.5}{\376\377\000E\000u\000l\000e\000r\000\040\000a\000n\000d\000\040\000H\000a\000m\000i\000l\000t\000o\000n\000i\000a\000n\000\040\000G\000r\000a\000p\000h\000s}{chapter.10}% 40
